Build started 25/6/2015 5:35:53 PM.
     1>Project "C:\Users\Envy 15.Envy\Documents\School Work\Semester 3\Game Dev & ACG (Git)\2D_Framework\Base\Base.vcxproj" on node 2 (build target(s)).
     1>InitializeBuildStatus:
         Creating "Debug\Base.unsuccessfulbuild" because "AlwaysCreate" was specified.
       ClCompile:
         C:\Program Files (x86)\Microsoft Visual Studio 10.0\VC\bin\CL.exe /c /I"C:\Users\Envy 15.Envy\Documents\School Work\Semester 3\Game Dev & ACG (Git)\2D_Framework\/Common/Source" /I"C:\Users\Envy 15.Envy\Documents\School Work\Semester 3\Game Dev & ACG (Git)\2D_Framework\/glew/include" /I"C:\Users\Envy 15.Envy\Documents\School Work\Semester 3\Game Dev & ACG (Git)\2D_Framework\/glfw/include" /ZI /nologo /W3 /WX- /Od /Oy- /D _VARIADIC_MAX=10 /D WIN32 /D _DEBUG /D _CONSOLE /D _UNICODE /D UNICODE /Gm /EHsc /RTC1 /MDd /GS /fp:precise /Zc:wchar_t /Zc:forScope /Fo"Debug\\" /Fd"Debug\vc100.pdb" /Gd /TP /analyze- /errorReport:prompt Source\SceneText.cpp
         SceneText.cpp
     1>c:\users\envy 15.envy\documents\school work\semester 3\game dev & acg (git)\2d_framework\base\source\scenetext.cpp(189): warning C4244: 'argument' : conversion from 'float' to 'int', possible loss of data
     1>c:\users\envy 15.envy\documents\school work\semester 3\game dev & acg (git)\2d_framework\base\source\scenetext.cpp(189): warning C4244: 'argument' : conversion from 'float' to 'int', possible loss of data
     1>c:\users\envy 15.envy\documents\school work\semester 3\game dev & acg (git)\2d_framework\base\source\scenetext.cpp(189): warning C4244: 'argument' : conversion from 'float' to 'int', possible loss of data
     1>c:\users\envy 15.envy\documents\school work\semester 3\game dev & acg (git)\2d_framework\base\source\scenetext.cpp(189): warning C4244: 'argument' : conversion from 'float' to 'int', possible loss of data
     1>c:\users\envy 15.envy\documents\school work\semester 3\game dev & acg (git)\2d_framework\base\source\scenetext.cpp(191): warning C4244: 'argument' : conversion from 'float' to 'int', possible loss of data
     1>c:\users\envy 15.envy\documents\school work\semester 3\game dev & acg (git)\2d_framework\base\source\scenetext.cpp(191): warning C4244: 'argument' : conversion from 'float' to 'int', possible loss of data
     1>c:\users\envy 15.envy\documents\school work\semester 3\game dev & acg (git)\2d_framework\base\source\scenetext.cpp(191): warning C4244: 'argument' : conversion from 'float' to 'int', possible loss of data
     1>c:\users\envy 15.envy\documents\school work\semester 3\game dev & acg (git)\2d_framework\base\source\scenetext.cpp(191): warning C4244: 'argument' : conversion from 'float' to 'int', possible loss of data
     1>c:\users\envy 15.envy\documents\school work\semester 3\game dev & acg (git)\2d_framework\base\source\scenetext.cpp(193): warning C4244: 'argument' : conversion from 'float' to 'int', possible loss of data
     1>c:\users\envy 15.envy\documents\school work\semester 3\game dev & acg (git)\2d_framework\base\source\scenetext.cpp(193): warning C4244: 'argument' : conversion from 'float' to 'int', possible loss of data
     1>c:\users\envy 15.envy\documents\school work\semester 3\game dev & acg (git)\2d_framework\base\source\scenetext.cpp(193): warning C4244: 'argument' : conversion from 'float' to 'int', possible loss of data
     1>c:\users\envy 15.envy\documents\school work\semester 3\game dev & acg (git)\2d_framework\base\source\scenetext.cpp(193): warning C4244: 'argument' : conversion from 'float' to 'int', possible loss of data
     1>c:\users\envy 15.envy\documents\school work\semester 3\game dev & acg (git)\2d_framework\base\source\scenetext.cpp(650): warning C4244: 'argument' : conversion from 'int' to 'const float', possible loss of data
     1>c:\users\envy 15.envy\documents\school work\semester 3\game dev & acg (git)\2d_framework\base\source\scenetext.cpp(650): warning C4244: 'argument' : conversion from 'int' to 'const float', possible loss of data
     1>c:\users\envy 15.envy\documents\school work\semester 3\game dev & acg (git)\2d_framework\base\source\scenetext.cpp(676): warning C4244: '=' : conversion from 'int' to 'float', possible loss of data
     1>c:\users\envy 15.envy\documents\school work\semester 3\game dev & acg (git)\2d_framework\base\source\scenetext.cpp(715): warning C4244: '=' : conversion from 'int' to 'float', possible loss of data
       Link:
         C:\Program Files (x86)\Microsoft Visual Studio 10.0\VC\bin\link.exe /ERRORREPORT:PROMPT /OUT:"C:\Users\Envy 15.Envy\Documents\School Work\Semester 3\Game Dev & ACG (Git)\2D_Framework\Debug\Base.exe" /INCREMENTAL:NO /NOLOGO /LIBPATH:"C:\Users\Envy 15.Envy\Documents\School Work\Semester 3\Game Dev & ACG (Git)\2D_Framework\Debug" /LIBPATH:"C:\Users\Envy 15.Envy\Documents\School Work\Semester 3\Game Dev & ACG (Git)\2D_Framework\/glfw/lib-msvc100" /LIBPATH:"C:\Users\Envy 15.Envy\Documents\School Work\Semester 3\Game Dev & ACG (Git)\2D_Framework\/glew/lib" Common.lib winmm.lib opengl32.lib glu32.lib glew32.lib glfw3.lib kernel32.lib user32.lib gdi32.lib winspool.lib comdlg32.lib advapi32.lib shell32.lib ole32.lib oleaut32.lib uuid.lib odbc32.lib odbccp32.lib /MANIFEST /ManifestFile:"Debug\Base.exe.intermediate.manifest" /MANIFESTUAC:"level='asInvoker' uiAccess='false'" /DEBUG /PDB:"C:\Users\Envy 15.Envy\Documents\School Work\Semester 3\Game Dev & ACG (Git)\2D_Framework\Debug\Base.pdb" /SUBSYSTEM:CONSOLE /TLBID:1 /DYNAMICBASE /NXCOMPAT /IMPLIB:"C:\Users\Envy 15.Envy\Documents\School Work\Semester 3\Game Dev & ACG (Git)\2D_Framework\Debug\Base.lib" /MACHINE:X86 Debug\Application.obj
         Debug\Camera.obj
         Debug\Camera2.obj
         Debug\Camera3.obj
         Debug\LoadOBJ.obj
         Debug\LoadTGA.obj
         Debug\main.obj
         Debug\Map.obj
         Debug\Mesh.obj
         Debug\MeshBuilder.obj
         Debug\Minimap.obj
         Debug\Scene1.obj
         Debug\Scene2.obj
         Debug\Scene3.obj
         Debug\Scene4.obj
         Debug\Scene5.obj
         Debug\SceneLight.obj
         Debug\SceneLight2.obj
         Debug\SceneSkybox.obj
         Debug\SceneText.obj
         Debug\SceneTexture.obj
         Debug\shader.obj
         Debug\Utility.obj
     1>Application.obj : warning LNK4075: ignoring '/EDITANDCONTINUE' due to '/INCREMENTAL:NO' specification
     1>LINK : warning LNK4098: defaultlib 'MSVCRT' conflicts with use of other libs; use /NODEFAULTLIB:library
         Base.vcxproj -> C:\Users\Envy 15.Envy\Documents\School Work\Semester 3\Game Dev & ACG (Git)\2D_Framework\Debug\Base.exe
       Manifest:
         C:\Program Files (x86)\Microsoft SDKs\Windows\v7.0A\bin\mt.exe /nologo /verbose /outputresource:"C:\Users\Envy 15.Envy\Documents\School Work\Semester 3\Game Dev & ACG (Git)\2D_Framework\Debug\Base.exe;#1" /manifest Debug\Base.exe.intermediate.manifest
       FinalizeBuildStatus:
         Deleting file "Debug\Base.unsuccessfulbuild".
         Touching "Debug\Base.lastbuildstate".
     1>Done Building Project "C:\Users\Envy 15.Envy\Documents\School Work\Semester 3\Game Dev & ACG (Git)\2D_Framework\Base\Base.vcxproj" (build target(s)).

Build succeeded.

Time Elapsed 00:00:01.23
