C:\USERS\ENVY 15.ENVY\DOCUMENTS\SCHOOL WORK\SEMESTER 3\GAME DEV & ACG (GIT)\2D_FRAMEWORK\BASE\DEBUG\APPLICATION.OBJ
C:\USERS\ENVY 15.ENVY\DOCUMENTS\SCHOOL WORK\SEMESTER 3\GAME DEV & ACG (GIT)\2D_FRAMEWORK\BASE\DEBUG\BASE.EXE.INTERMEDIATE.MANIFEST
C:\Users\Envy 15.Envy\Documents\School Work\Semester 3\Game Dev & ACG (Git)\2D_Framework\Base\Debug\Base.write.1.tlog
C:\USERS\ENVY 15.ENVY\DOCUMENTS\SCHOOL WORK\SEMESTER 3\GAME DEV & ACG (GIT)\2D_FRAMEWORK\BASE\DEBUG\CAMERA.OBJ
C:\USERS\ENVY 15.ENVY\DOCUMENTS\SCHOOL WORK\SEMESTER 3\GAME DEV & ACG (GIT)\2D_FRAMEWORK\BASE\DEBUG\CAMERA2.OBJ
C:\USERS\ENVY 15.ENVY\DOCUMENTS\SCHOOL WORK\SEMESTER 3\GAME DEV & ACG (GIT)\2D_FRAMEWORK\BASE\DEBUG\CAMERA3.OBJ
C:\USERS\ENVY 15.ENVY\DOCUMENTS\SCHOOL WORK\SEMESTER 3\GAME DEV & ACG (GIT)\2D_FRAMEWORK\BASE\DEBUG\CHARACTER.OBJ
C:\Users\Envy 15.Envy\Documents\School Work\Semester 3\Game Dev & ACG (Git)\2D_Framework\Base\Debug\cl.command.1.tlog
C:\Users\Envy 15.Envy\Documents\School Work\Semester 3\Game Dev & ACG (Git)\2D_Framework\Base\Debug\CL.read.1.tlog
C:\Users\Envy 15.Envy\Documents\School Work\Semester 3\Game Dev & ACG (Git)\2D_Framework\Base\Debug\CL.write.1.tlog
C:\USERS\ENVY 15.ENVY\DOCUMENTS\SCHOOL WORK\SEMESTER 3\GAME DEV & ACG (GIT)\2D_FRAMEWORK\BASE\DEBUG\ENEMYIN2D.OBJ
C:\Users\Envy 15.Envy\Documents\School Work\Semester 3\Game Dev & ACG (Git)\2D_Framework\Base\Debug\link.command.1.tlog
C:\Users\Envy 15.Envy\Documents\School Work\Semester 3\Game Dev & ACG (Git)\2D_Framework\Base\Debug\link.read.1.tlog
C:\Users\Envy 15.Envy\Documents\School Work\Semester 3\Game Dev & ACG (Git)\2D_Framework\Base\Debug\link.write.1.tlog
C:\USERS\ENVY 15.ENVY\DOCUMENTS\SCHOOL WORK\SEMESTER 3\GAME DEV & ACG (GIT)\2D_FRAMEWORK\BASE\DEBUG\LOADOBJ.OBJ
C:\USERS\ENVY 15.ENVY\DOCUMENTS\SCHOOL WORK\SEMESTER 3\GAME DEV & ACG (GIT)\2D_FRAMEWORK\BASE\DEBUG\LOADTGA.OBJ
C:\USERS\ENVY 15.ENVY\DOCUMENTS\SCHOOL WORK\SEMESTER 3\GAME DEV & ACG (GIT)\2D_FRAMEWORK\BASE\DEBUG\MAIN.OBJ
C:\USERS\ENVY 15.ENVY\DOCUMENTS\SCHOOL WORK\SEMESTER 3\GAME DEV & ACG (GIT)\2D_FRAMEWORK\BASE\DEBUG\MAP.OBJ
C:\USERS\ENVY 15.ENVY\DOCUMENTS\SCHOOL WORK\SEMESTER 3\GAME DEV & ACG (GIT)\2D_FRAMEWORK\BASE\DEBUG\MESH.OBJ
C:\USERS\ENVY 15.ENVY\DOCUMENTS\SCHOOL WORK\SEMESTER 3\GAME DEV & ACG (GIT)\2D_FRAMEWORK\BASE\DEBUG\MESHBUILDER.OBJ
C:\USERS\ENVY 15.ENVY\DOCUMENTS\SCHOOL WORK\SEMESTER 3\GAME DEV & ACG (GIT)\2D_FRAMEWORK\BASE\DEBUG\MINIMAP.OBJ
C:\Users\Envy 15.Envy\Documents\School Work\Semester 3\Game Dev & ACG (Git)\2D_Framework\Base\Debug\mt.command.1.tlog
C:\Users\Envy 15.Envy\Documents\School Work\Semester 3\Game Dev & ACG (Git)\2D_Framework\Base\Debug\mt.read.1.tlog
C:\Users\Envy 15.Envy\Documents\School Work\Semester 3\Game Dev & ACG (Git)\2D_Framework\Base\Debug\mt.write.1.tlog
C:\USERS\ENVY 15.ENVY\DOCUMENTS\SCHOOL WORK\SEMESTER 3\GAME DEV & ACG (GIT)\2D_FRAMEWORK\BASE\DEBUG\PROJECTILE.OBJ
C:\USERS\ENVY 15.ENVY\DOCUMENTS\SCHOOL WORK\SEMESTER 3\GAME DEV & ACG (GIT)\2D_FRAMEWORK\BASE\DEBUG\SCENETEXT.OBJ
C:\USERS\ENVY 15.ENVY\DOCUMENTS\SCHOOL WORK\SEMESTER 3\GAME DEV & ACG (GIT)\2D_FRAMEWORK\BASE\DEBUG\SHADER.OBJ
C:\USERS\ENVY 15.ENVY\DOCUMENTS\SCHOOL WORK\SEMESTER 3\GAME DEV & ACG (GIT)\2D_FRAMEWORK\BASE\DEBUG\SPRITEANIMATION.OBJ
C:\USERS\ENVY 15.ENVY\DOCUMENTS\SCHOOL WORK\SEMESTER 3\GAME DEV & ACG (GIT)\2D_FRAMEWORK\BASE\DEBUG\STRATEGY.OBJ
C:\USERS\ENVY 15.ENVY\DOCUMENTS\SCHOOL WORK\SEMESTER 3\GAME DEV & ACG (GIT)\2D_FRAMEWORK\BASE\DEBUG\STRATEGY_PATROL.OBJ
C:\USERS\ENVY 15.ENVY\DOCUMENTS\SCHOOL WORK\SEMESTER 3\GAME DEV & ACG (GIT)\2D_FRAMEWORK\BASE\DEBUG\TARGET.OBJ
C:\USERS\ENVY 15.ENVY\DOCUMENTS\SCHOOL WORK\SEMESTER 3\GAME DEV & ACG (GIT)\2D_FRAMEWORK\BASE\DEBUG\UTILITY.OBJ
C:\Users\Envy 15.Envy\Documents\School Work\Semester 3\Game Dev & ACG (Git)\2D_Framework\Base\Debug\vc100.idb
C:\USERS\ENVY 15.ENVY\DOCUMENTS\SCHOOL WORK\SEMESTER 3\GAME DEV & ACG (GIT)\2D_FRAMEWORK\BASE\DEBUG\VC100.PDB
C:\USERS\ENVY 15.ENVY\DOCUMENTS\SCHOOL WORK\SEMESTER 3\GAME DEV & ACG (GIT)\2D_FRAMEWORK\DEBUG\BASE.EXE
C:\USERS\ENVY 15.ENVY\DOCUMENTS\SCHOOL WORK\SEMESTER 3\GAME DEV & ACG (GIT)\2D_FRAMEWORK\DEBUG\BASE.PDB
