C:\USERS\ENVY 15.ENVY\DOCUMENTS\SCHOOL WORK\SEMESTER 3\GAME DEV & ACG (GIT)\DM2231_FRAMEWORK\BASE\RELEASE\AMMOCRATE.OBJ
C:\USERS\ENVY 15.ENVY\DOCUMENTS\SCHOOL WORK\SEMESTER 3\GAME DEV & ACG (GIT)\DM2231_FRAMEWORK\BASE\RELEASE\APPLICATION.OBJ
C:\USERS\ENVY 15.ENVY\DOCUMENTS\SCHOOL WORK\SEMESTER 3\GAME DEV & ACG (GIT)\DM2231_FRAMEWORK\BASE\RELEASE\BASE.EXE.INTERMEDIATE.MANIFEST
C:\Users\Envy 15.Envy\Documents\School Work\Semester 3\Game Dev & ACG (Git)\DM2231_Framework\Base\Release\Base.vcxprojResolveAssemblyReference.cache
C:\Users\Envy 15.Envy\Documents\School Work\Semester 3\Game Dev & ACG (Git)\DM2231_Framework\Base\Release\Base.write.1.tlog
C:\USERS\ENVY 15.ENVY\DOCUMENTS\SCHOOL WORK\SEMESTER 3\GAME DEV & ACG (GIT)\DM2231_FRAMEWORK\BASE\RELEASE\CAMERA.OBJ
C:\USERS\ENVY 15.ENVY\DOCUMENTS\SCHOOL WORK\SEMESTER 3\GAME DEV & ACG (GIT)\DM2231_FRAMEWORK\BASE\RELEASE\CAMERA2.OBJ
C:\USERS\ENVY 15.ENVY\DOCUMENTS\SCHOOL WORK\SEMESTER 3\GAME DEV & ACG (GIT)\DM2231_FRAMEWORK\BASE\RELEASE\CAMERA3.OBJ
C:\USERS\ENVY 15.ENVY\DOCUMENTS\SCHOOL WORK\SEMESTER 3\GAME DEV & ACG (GIT)\DM2231_FRAMEWORK\BASE\RELEASE\CHARACTER.OBJ
C:\Users\Envy 15.Envy\Documents\School Work\Semester 3\Game Dev & ACG (Git)\DM2231_Framework\Base\Release\cl.command.1.tlog
C:\Users\Envy 15.Envy\Documents\School Work\Semester 3\Game Dev & ACG (Git)\DM2231_Framework\Base\Release\CL.read.1.tlog
C:\Users\Envy 15.Envy\Documents\School Work\Semester 3\Game Dev & ACG (Git)\DM2231_Framework\Base\Release\CL.write.1.tlog
C:\USERS\ENVY 15.ENVY\DOCUMENTS\SCHOOL WORK\SEMESTER 3\GAME DEV & ACG (GIT)\DM2231_FRAMEWORK\BASE\RELEASE\ENTITY.OBJ
C:\USERS\ENVY 15.ENVY\DOCUMENTS\SCHOOL WORK\SEMESTER 3\GAME DEV & ACG (GIT)\DM2231_FRAMEWORK\BASE\RELEASE\GDEV_ASSIGNMENT01.OBJ
C:\Users\Envy 15.Envy\Documents\School Work\Semester 3\Game Dev & ACG (Git)\DM2231_Framework\Base\Release\link.command.1.tlog
C:\Users\Envy 15.Envy\Documents\School Work\Semester 3\Game Dev & ACG (Git)\DM2231_Framework\Base\Release\link.read.1.tlog
C:\Users\Envy 15.Envy\Documents\School Work\Semester 3\Game Dev & ACG (Git)\DM2231_Framework\Base\Release\link.write.1.tlog
C:\USERS\ENVY 15.ENVY\DOCUMENTS\SCHOOL WORK\SEMESTER 3\GAME DEV & ACG (GIT)\DM2231_FRAMEWORK\BASE\RELEASE\LOADHMAP.OBJ
C:\USERS\ENVY 15.ENVY\DOCUMENTS\SCHOOL WORK\SEMESTER 3\GAME DEV & ACG (GIT)\DM2231_FRAMEWORK\BASE\RELEASE\LOADOBJ.OBJ
C:\USERS\ENVY 15.ENVY\DOCUMENTS\SCHOOL WORK\SEMESTER 3\GAME DEV & ACG (GIT)\DM2231_FRAMEWORK\BASE\RELEASE\LOADTGA.OBJ
C:\USERS\ENVY 15.ENVY\DOCUMENTS\SCHOOL WORK\SEMESTER 3\GAME DEV & ACG (GIT)\DM2231_FRAMEWORK\BASE\RELEASE\MAIN.OBJ
C:\USERS\ENVY 15.ENVY\DOCUMENTS\SCHOOL WORK\SEMESTER 3\GAME DEV & ACG (GIT)\DM2231_FRAMEWORK\BASE\RELEASE\MESH.OBJ
C:\USERS\ENVY 15.ENVY\DOCUMENTS\SCHOOL WORK\SEMESTER 3\GAME DEV & ACG (GIT)\DM2231_FRAMEWORK\BASE\RELEASE\MESHBUILDER.OBJ
C:\USERS\ENVY 15.ENVY\DOCUMENTS\SCHOOL WORK\SEMESTER 3\GAME DEV & ACG (GIT)\DM2231_FRAMEWORK\BASE\RELEASE\MINIMAP.OBJ
C:\Users\Envy 15.Envy\Documents\School Work\Semester 3\Game Dev & ACG (Git)\DM2231_Framework\Base\Release\mt.command.1.tlog
C:\Users\Envy 15.Envy\Documents\School Work\Semester 3\Game Dev & ACG (Git)\DM2231_Framework\Base\Release\mt.read.1.tlog
C:\Users\Envy 15.Envy\Documents\School Work\Semester 3\Game Dev & ACG (Git)\DM2231_Framework\Base\Release\mt.write.1.tlog
C:\USERS\ENVY 15.ENVY\DOCUMENTS\SCHOOL WORK\SEMESTER 3\GAME DEV & ACG (GIT)\DM2231_FRAMEWORK\BASE\RELEASE\OBJ.OBJ
C:\USERS\ENVY 15.ENVY\DOCUMENTS\SCHOOL WORK\SEMESTER 3\GAME DEV & ACG (GIT)\DM2231_FRAMEWORK\BASE\RELEASE\PROJECTILE.OBJ
C:\USERS\ENVY 15.ENVY\DOCUMENTS\SCHOOL WORK\SEMESTER 3\GAME DEV & ACG (GIT)\DM2231_FRAMEWORK\BASE\RELEASE\SCENEBASE.OBJ
C:\USERS\ENVY 15.ENVY\DOCUMENTS\SCHOOL WORK\SEMESTER 3\GAME DEV & ACG (GIT)\DM2231_FRAMEWORK\BASE\RELEASE\SCENETERRAIN.OBJ
C:\USERS\ENVY 15.ENVY\DOCUMENTS\SCHOOL WORK\SEMESTER 3\GAME DEV & ACG (GIT)\DM2231_FRAMEWORK\BASE\RELEASE\SHADER.OBJ
C:\USERS\ENVY 15.ENVY\DOCUMENTS\SCHOOL WORK\SEMESTER 3\GAME DEV & ACG (GIT)\DM2231_FRAMEWORK\BASE\RELEASE\SPRITEANIMATION.OBJ
C:\USERS\ENVY 15.ENVY\DOCUMENTS\SCHOOL WORK\SEMESTER 3\GAME DEV & ACG (GIT)\DM2231_FRAMEWORK\BASE\RELEASE\TARGET.OBJ
C:\USERS\ENVY 15.ENVY\DOCUMENTS\SCHOOL WORK\SEMESTER 3\GAME DEV & ACG (GIT)\DM2231_FRAMEWORK\BASE\RELEASE\UTILITY.OBJ
C:\USERS\ENVY 15.ENVY\DOCUMENTS\SCHOOL WORK\SEMESTER 3\GAME DEV & ACG (GIT)\DM2231_FRAMEWORK\BASE\RELEASE\VC100.PDB
C:\USERS\ENVY 15.ENVY\DOCUMENTS\SCHOOL WORK\SEMESTER 3\GAME DEV & ACG (GIT)\DM2231_FRAMEWORK\BASE\RELEASE\WEAPON.OBJ
C:\USERS\ENVY 15.ENVY\DOCUMENTS\SCHOOL WORK\SEMESTER 3\GAME DEV & ACG (GIT)\DM2231_FRAMEWORK\RELEASE\BASE.EXE
C:\USERS\ENVY 15.ENVY\DOCUMENTS\SCHOOL WORK\SEMESTER 3\GAME DEV & ACG (GIT)\DM2231_FRAMEWORK\RELEASE\BASE.PDB
