Build started 16/8/2015 7:41:03 AM.
     1>Project "C:\Users\Malcolm\Desktop\Backup\DM2231_Framework\Base\Base.vcxproj" on node 2 (build target(s)).
     1>InitializeBuildStatus:
         Creating "Debug\Base.unsuccessfulbuild" because "AlwaysCreate" was specified.
       ClCompile:
         C:\Program Files (x86)\Microsoft Visual Studio 10.0\VC\bin\CL.exe /c /IC:\Users\Malcolm\Desktop\Backup\DM2231_Framework\/Common/Source /IC:\Users\Malcolm\Desktop\Backup\DM2231_Framework\/glew/include /IC:\Users\Malcolm\Desktop\Backup\DM2231_Framework\/glfw/include /IC:\Users\Malcolm\Desktop\Backup\DM2231_Framework\/irrklang/include /I"C:\Program Files (x86)\Visual Leak Detector\include" /ZI /nologo /W3 /WX- /Od /Oy- /D _VARIADIC_MAX=10 /D WIN32 /D _DEBUG /D _CONSOLE /D _UNICODE /D UNICODE /Gm /EHsc /RTC1 /MDd /GS /fp:precise /Zc:wchar_t /Zc:forScope /Fo"Debug\\" /Fd"Debug\vc100.pdb" /Gd /TP /analyze- /errorReport:prompt Source\AmmoCrate.cpp Source\Application.cpp Source\Camera.cpp Source\Camera2.cpp Source\Camera3.cpp Source\Character.cpp Source\DepthFBO.cpp Source\Entity.cpp Source\GDev_Assignment01.cpp Source\LoadHmap.cpp Source\LoadOBJ.cpp Source\LoadTGA.cpp Source\main.cpp Source\Mesh.cpp Source\MeshBuilder.cpp Source\Minimap.cpp Source\Obj.cpp Source\Particle.cpp Source\Projectile.cpp Source\SceneBase.cpp Source\SceneShadow.cpp Source\SceneTerrain.cpp Source\shader.cpp Source\SpriteAnimation.cpp Source\Target.cpp Source\Utility.cpp Source\Weapon.cpp
         Weapon.cpp
         Utility.cpp
         Target.cpp
     1>c:\users\malcolm\desktop\backup\dm2231_framework\base\source\target.cpp(21): warning C4800: 'int' : forcing value to bool 'true' or 'false' (performance warning)
     1>c:\users\malcolm\desktop\backup\dm2231_framework\base\source\target.cpp(31): warning C4244: '-=' : conversion from 'const double' to 'float', possible loss of data
     1>c:\users\malcolm\desktop\backup\dm2231_framework\base\source\target.cpp(40): warning C4244: '-=' : conversion from 'const double' to 'float', possible loss of data
     1>c:\users\malcolm\desktop\backup\dm2231_framework\base\source\target.cpp(53): warning C4244: '+=' : conversion from 'const double' to 'float', possible loss of data
     1>c:\users\malcolm\desktop\backup\dm2231_framework\base\source\target.cpp(67): warning C4244: '+=' : conversion from 'const double' to 'float', possible loss of data
     1>c:\users\malcolm\desktop\backup\dm2231_framework\base\source\target.cpp(72): warning C4244: '-=' : conversion from 'const double' to 'float', possible loss of data
         SpriteAnimation.cpp
     1>c:\users\malcolm\desktop\backup\dm2231_framework\base\source\spriteanimation.h(13): warning C4244: '=' : conversion from 'float' to 'int', possible loss of data
     1>c:\users\malcolm\desktop\backup\dm2231_framework\base\source\spriteanimation.cpp(22): warning C4244: '+=' : conversion from 'double' to 'float', possible loss of data
     1>c:\users\malcolm\desktop\backup\dm2231_framework\base\source\spriteanimation.cpp(39): warning C4244: '=' : conversion from 'float' to 'int', possible loss of data
         shader.cpp
         SceneTerrain.cpp
     1>c:\users\malcolm\desktop\backup\dm2231_framework\base\source\spriteanimation.h(13): warning C4244: '=' : conversion from 'float' to 'int', possible loss of data
     1>c:\users\malcolm\desktop\backup\dm2231_framework\base\source\sceneterrain.cpp(68): warning C4244: '-=' : conversion from 'double' to 'float', possible loss of data
     1>c:\users\malcolm\desktop\backup\dm2231_framework\base\source\sceneterrain.cpp(77): warning C4018: '<' : signed/unsigned mismatch
     1>c:\users\malcolm\desktop\backup\dm2231_framework\base\source\sceneterrain.cpp(82): warning C4244: '+=' : conversion from 'double' to 'float', possible loss of data
     1>c:\users\malcolm\desktop\backup\dm2231_framework\base\source\sceneterrain.cpp(126): warning C4018: '<' : signed/unsigned mismatch
         SceneShadow.cpp
     1>c:\users\malcolm\desktop\backup\dm2231_framework\base\source\spriteanimation.h(13): warning C4244: '=' : conversion from 'float' to 'int', possible loss of data
     1>c:\users\malcolm\desktop\backup\dm2231_framework\base\source\sceneshadow.cpp(372): warning C4244: '=' : conversion from 'double' to 'int', possible loss of data
     1>c:\users\malcolm\desktop\backup\dm2231_framework\base\source\sceneshadow.cpp(442): warning C4244: '=' : conversion from 'double' to 'float', possible loss of data
     1>c:\users\malcolm\desktop\backup\dm2231_framework\base\source\sceneshadow.cpp(456): warning C4244: '=' : conversion from 'double' to 'float', possible loss of data
     1>c:\users\malcolm\desktop\backup\dm2231_framework\base\source\sceneshadow.cpp(626): warning C4244: 'initializing' : conversion from 'int' to 'float', possible loss of data
     1>c:\users\malcolm\desktop\backup\dm2231_framework\base\source\sceneshadow.cpp(626): warning C4244: 'initializing' : conversion from 'int' to 'float', possible loss of data
     1>c:\users\malcolm\desktop\backup\dm2231_framework\base\source\sceneshadow.cpp(627): warning C4244: 'argument' : conversion from 'int' to 'float', possible loss of data
     1>c:\users\malcolm\desktop\backup\dm2231_framework\base\source\sceneshadow.cpp(628): warning C4244: 'argument' : conversion from 'int' to 'float', possible loss of data
     1>c:\users\malcolm\desktop\backup\dm2231_framework\base\source\sceneshadow.cpp(830): warning C4018: '<' : signed/unsigned mismatch
     1>c:\users\malcolm\desktop\backup\dm2231_framework\base\source\sceneshadow.cpp(837): warning C4244: 'argument' : conversion from 'int' to 'float', possible loss of data
     1>c:\users\malcolm\desktop\backup\dm2231_framework\base\source\sceneshadow.cpp(837): warning C4244: 'argument' : conversion from 'int' to 'float', possible loss of data
     1>c:\users\malcolm\desktop\backup\dm2231_framework\base\source\sceneshadow.cpp(837): warning C4305: 'argument' : truncation from 'double' to 'float'
     1>c:\users\malcolm\desktop\backup\dm2231_framework\base\source\sceneshadow.cpp(837): warning C4244: 'argument' : conversion from 'int' to 'float', possible loss of data
         SceneBase.cpp
     1>c:\users\malcolm\desktop\backup\dm2231_framework\base\source\spriteanimation.h(13): warning C4244: '=' : conversion from 'float' to 'int', possible loss of data
     1>c:\users\malcolm\desktop\backup\dm2231_framework\base\source\scenebase.cpp(22): warning C4244: 'argument' : conversion from 'time_t' to 'unsigned int', possible loss of data
         Projectile.cpp
     1>c:\users\malcolm\desktop\backup\dm2231_framework\base\source\projectile.cpp(37): warning C4244: 'argument' : conversion from 'const double' to 'float', possible loss of data
     1>c:\users\malcolm\desktop\backup\dm2231_framework\base\source\projectile.cpp(42): warning C4244: 'argument' : conversion from 'const double' to 'float', possible loss of data
         Particle.cpp
     1>c:\users\malcolm\desktop\backup\dm2231_framework\base\source\particle.cpp(30): warning C4244: 'argument' : conversion from 'const double' to 'float', possible loss of data
     1>c:\users\malcolm\desktop\backup\dm2231_framework\base\source\particle.cpp(32): warning C4244: 'argument' : conversion from 'const double' to 'float', possible loss of data
         Obj.cpp
         Minimap.cpp
         MeshBuilder.cpp
     1>c:\users\malcolm\desktop\backup\dm2231_framework\base\source\spriteanimation.h(13): warning C4244: '=' : conversion from 'float' to 'int', possible loss of data
         Mesh.cpp
         main.cpp
         LoadTGA.cpp
         LoadOBJ.cpp
         LoadHmap.cpp
     1>c:\users\malcolm\desktop\backup\dm2231_framework\base\source\loadhmap.cpp(55): warning C4244: 'initializing' : conversion from 'float' to 'int', possible loss of data
     1>c:\users\malcolm\desktop\backup\dm2231_framework\base\source\loadhmap.cpp(56): warning C4244: 'initializing' : conversion from 'float' to 'int', possible loss of data
         GDev_Assignment01.cpp
     1>c:\users\malcolm\desktop\backup\dm2231_framework\base\source\spriteanimation.h(13): warning C4244: '=' : conversion from 'float' to 'int', possible loss of data
     1>c:\users\malcolm\desktop\backup\dm2231_framework\base\source\gdev_assignment01.cpp(125): warning C4244: '+=' : conversion from 'double' to 'float', possible loss of data
     1>c:\users\malcolm\desktop\backup\dm2231_framework\base\source\gdev_assignment01.cpp(144): warning C4018: '<' : signed/unsigned mismatch
     1>c:\users\malcolm\desktop\backup\dm2231_framework\base\source\gdev_assignment01.cpp(166): warning C4244: '+=' : conversion from 'double' to 'float', possible loss of data
     1>c:\users\malcolm\desktop\backup\dm2231_framework\base\source\gdev_assignment01.cpp(169): warning C4244: '+=' : conversion from 'double' to 'float', possible loss of data
     1>c:\users\malcolm\desktop\backup\dm2231_framework\base\source\gdev_assignment01.cpp(173): warning C4244: '+=' : conversion from 'double' to 'float', possible loss of data
     1>c:\users\malcolm\desktop\backup\dm2231_framework\base\source\gdev_assignment01.cpp(178): warning C4244: 'initializing' : conversion from 'double' to 'float', possible loss of data
     1>c:\users\malcolm\desktop\backup\dm2231_framework\base\source\gdev_assignment01.cpp(179): warning C4244: '+=' : conversion from 'double' to 'float', possible loss of data
     1>c:\users\malcolm\desktop\backup\dm2231_framework\base\source\gdev_assignment01.cpp(208): warning C4244: '+=' : conversion from 'double' to 'float', possible loss of data
     1>c:\users\malcolm\desktop\backup\dm2231_framework\base\source\gdev_assignment01.cpp(363): warning C4244: '=' : conversion from 'double' to 'int', possible loss of data
     1>c:\users\malcolm\desktop\backup\dm2231_framework\base\source\gdev_assignment01.cpp(432): warning C4244: '=' : conversion from 'double' to 'float', possible loss of data
     1>c:\users\malcolm\desktop\backup\dm2231_framework\base\source\gdev_assignment01.cpp(446): warning C4244: '=' : conversion from 'double' to 'float', possible loss of data
     1>c:\users\malcolm\desktop\backup\dm2231_framework\base\source\gdev_assignment01.cpp(616): warning C4244: 'initializing' : conversion from 'int' to 'float', possible loss of data
     1>c:\users\malcolm\desktop\backup\dm2231_framework\base\source\gdev_assignment01.cpp(616): warning C4244: 'initializing' : conversion from 'int' to 'float', possible loss of data
     1>c:\users\malcolm\desktop\backup\dm2231_framework\base\source\gdev_assignment01.cpp(617): warning C4244: 'argument' : conversion from 'int' to 'float', possible loss of data
     1>c:\users\malcolm\desktop\backup\dm2231_framework\base\source\gdev_assignment01.cpp(618): warning C4244: 'argument' : conversion from 'int' to 'float', possible loss of data
     1>c:\users\malcolm\desktop\backup\dm2231_framework\base\source\gdev_assignment01.cpp(820): warning C4018: '<' : signed/unsigned mismatch
     1>c:\users\malcolm\desktop\backup\dm2231_framework\base\source\gdev_assignment01.cpp(827): warning C4244: 'argument' : conversion from 'int' to 'float', possible loss of data
     1>c:\users\malcolm\desktop\backup\dm2231_framework\base\source\gdev_assignment01.cpp(827): warning C4244: 'argument' : conversion from 'int' to 'float', possible loss of data
     1>c:\users\malcolm\desktop\backup\dm2231_framework\base\source\gdev_assignment01.cpp(827): warning C4305: 'argument' : truncation from 'double' to 'float'
     1>c:\users\malcolm\desktop\backup\dm2231_framework\base\source\gdev_assignment01.cpp(827): warning C4244: 'argument' : conversion from 'int' to 'float', possible loss of data
         Entity.cpp
         Generating Code...
     1>c:\users\malcolm\desktop\backup\dm2231_framework\base\source\weapon.cpp(132): warning C4715: 'CWeapon::Fire' : not all control paths return a value
         Compiling...
         DepthFBO.cpp
         Character.cpp
         Camera3.cpp
     1>c:\users\malcolm\desktop\backup\dm2231_framework\base\source\camera3.cpp(43): warning C4244: '-=' : conversion from 'double' to 'float', possible loss of data
     1>c:\users\malcolm\desktop\backup\dm2231_framework\base\source\camera3.cpp(44): warning C4244: '-=' : conversion from 'double' to 'float', possible loss of data
     1>c:\users\malcolm\desktop\backup\dm2231_framework\base\source\camera3.cpp(348): warning C4244: 'argument' : conversion from 'const double' to 'float', possible loss of data
     1>c:\users\malcolm\desktop\backup\dm2231_framework\base\source\camera3.cpp(356): warning C4244: 'argument' : conversion from 'const double' to 'float', possible loss of data
     1>c:\users\malcolm\desktop\backup\dm2231_framework\base\source\camera3.cpp(368): warning C4244: '-=' : conversion from 'const double' to 'float', possible loss of data
     1>c:\users\malcolm\desktop\backup\dm2231_framework\base\source\camera3.cpp(369): warning C4244: '-=' : conversion from 'const double' to 'float', possible loss of data
     1>c:\users\malcolm\desktop\backup\dm2231_framework\base\source\camera3.cpp(387): warning C4244: '+=' : conversion from 'const double' to 'float', possible loss of data
     1>c:\users\malcolm\desktop\backup\dm2231_framework\base\source\camera3.cpp(388): warning C4244: '+=' : conversion from 'const double' to 'float', possible loss of data
     1>c:\users\malcolm\desktop\backup\dm2231_framework\base\source\camera3.cpp(474): warning C4244: '+=' : conversion from 'const double' to 'float', possible loss of data
         Camera2.cpp
         Camera.cpp
         Application.cpp
         AmmoCrate.cpp
     1>c:\users\malcolm\desktop\backup\dm2231_framework\base\source\ammocrate.cpp(28): warning C4244: '+=' : conversion from 'const double' to 'float', possible loss of data
     1>c:\users\malcolm\desktop\backup\dm2231_framework\base\source\ammocrate.cpp(38): warning C4244: '+=' : conversion from 'const double' to 'float', possible loss of data
         Generating Code...
       Link:
         C:\Program Files (x86)\Microsoft Visual Studio 10.0\VC\bin\link.exe /ERRORREPORT:PROMPT /OUT:"C:\Users\Malcolm\Desktop\Backup\DM2231_Framework\Debug\Base.exe" /INCREMENTAL:NO /NOLOGO /LIBPATH:C:\Users\Malcolm\Desktop\Backup\DM2231_Framework\Debug /LIBPATH:"C:\Users\Malcolm\Desktop\Backup\DM2231_Framework\/glfw/lib-msvc100" /LIBPATH:C:\Users\Malcolm\Desktop\Backup\DM2231_Framework\/glew/lib /LIBPATH:C:\Users\Malcolm\Desktop\Backup\DM2231_Framework\/irrklang/lib /LIBPATH:"C:\Program Files (x86)\Visual Leak Detector\lib\Win32" Common.lib winmm.lib opengl32.lib glu32.lib glew32.lib glfw3.lib irrKlang.lib irrKlang.exp kernel32.lib user32.lib gdi32.lib winspool.lib comdlg32.lib advapi32.lib shell32.lib ole32.lib oleaut32.lib uuid.lib odbc32.lib odbccp32.lib /MANIFEST /ManifestFile:"Debug\Base.exe.intermediate.manifest" /MANIFESTUAC:"level='asInvoker' uiAccess='false'" /DEBUG /PDB:"C:\Users\Malcolm\Desktop\Backup\DM2231_Framework\Debug\Base.pdb" /SUBSYSTEM:CONSOLE /TLBID:1 /DYNAMICBASE /NXCOMPAT /IMPLIB:"C:\Users\Malcolm\Desktop\Backup\DM2231_Framework\Debug\Base.lib" /MACHINE:X86 Debug\AmmoCrate.obj
         Debug\Application.obj
         Debug\Camera.obj
         Debug\Camera2.obj
         Debug\Camera3.obj
         Debug\Character.obj
         Debug\DepthFBO.obj
         Debug\Entity.obj
         Debug\GDev_Assignment01.obj
         Debug\LoadHmap.obj
         Debug\LoadOBJ.obj
         Debug\LoadTGA.obj
         Debug\main.obj
         Debug\Mesh.obj
         Debug\MeshBuilder.obj
         Debug\Minimap.obj
         Debug\Obj.obj
         Debug\Particle.obj
         Debug\Projectile.obj
         Debug\SceneBase.obj
         Debug\SceneShadow.obj
         Debug\SceneTerrain.obj
         Debug\shader.obj
         Debug\SpriteAnimation.obj
         Debug\Target.obj
         Debug\Utility.obj
         Debug\Weapon.obj
     1>AmmoCrate.obj : warning LNK4075: ignoring '/EDITANDCONTINUE' due to '/INCREMENTAL:NO' specification
     1>LINK : warning LNK4098: defaultlib 'MSVCRT' conflicts with use of other libs; use /NODEFAULTLIB:library
         Base.vcxproj -> C:\Users\Malcolm\Desktop\Backup\DM2231_Framework\Debug\Base.exe
       Manifest:
         C:\Program Files (x86)\Microsoft SDKs\Windows\v7.0A\bin\mt.exe /nologo /verbose /outputresource:"C:\Users\Malcolm\Desktop\Backup\DM2231_Framework\Debug\Base.exe;#1" /manifest Debug\Base.exe.intermediate.manifest
       FinalizeBuildStatus:
         Deleting file "Debug\Base.unsuccessfulbuild".
         Touching "Debug\Base.lastbuildstate".
     1>Done Building Project "C:\Users\Malcolm\Desktop\Backup\DM2231_Framework\Base\Base.vcxproj" (build target(s)).

Build succeeded.

Time Elapsed 00:00:19.70
