Build started 16/8/2015 7:40:58 AM.
     1>Project "C:\Users\Malcolm\Desktop\Backup\DM2231_Framework\Common\Common.vcxproj" on node 2 (build target(s)).
     1>InitializeBuildStatus:
         Creating "Debug\Common.unsuccessfulbuild" because "AlwaysCreate" was specified.
       ClCompile:
         C:\Program Files (x86)\Microsoft Visual Studio 10.0\VC\bin\CL.exe /c /I"C:\Program Files (x86)\Visual Leak Detector\include" /ZI /nologo /W3 /WX- /Od /Oy- /D _VARIADIC_MAX=10 /D WIN32 /D _DEBUG /D _LIB /D _UNICODE /D UNICODE /Gm /EHsc /RTC1 /MDd /GS /fp:precise /Zc:wchar_t /Zc:forScope /Fo"Debug\\" /Fd"Debug\vc100.pdb" /Gd /TP /analyze- /errorReport:prompt Source\MathUtility.cpp Source\MatrixStack.cpp Source\Mtx44.cpp Source\timer.cpp Source\Vector2.cpp Source\Vector3.cpp
         Vector3.cpp
         Vector2.cpp
         timer.cpp
         Mtx44.cpp
         MatrixStack.cpp
         MathUtility.cpp
         Generating Code...
       Lib:
         C:\Program Files (x86)\Microsoft Visual Studio 10.0\VC\bin\Lib.exe /OUT:"C:\Users\Malcolm\Desktop\Backup\DM2231_Framework\Debug\Common.lib" /LIBPATH:"C:\Program Files (x86)\Visual Leak Detector\lib\Win32" /NOLOGO Debug\MathUtility.obj
         Debug\MatrixStack.obj
         Debug\Mtx44.obj
         Debug\timer.obj
         Debug\Vector2.obj
         Debug\Vector3.obj
         Common.vcxproj -> C:\Users\Malcolm\Desktop\Backup\DM2231_Framework\Debug\Common.lib
       FinalizeBuildStatus:
         Deleting file "Debug\Common.unsuccessfulbuild".
         Touching "Debug\Common.lastbuildstate".
     1>Done Building Project "C:\Users\Malcolm\Desktop\Backup\DM2231_Framework\Common\Common.vcxproj" (build target(s)).

Build succeeded.

Time Elapsed 00:00:05.10
